  MyForm.cpp
C:\Users\bulyn\Desktop\SPbCT_BulyninMA\EducationalPractice\EducationalPractice\MyForm.cpp(8,1): warning C4829: Возможно, неправильные параметры функции main. Рекомендуемый вариант - "int main(Platform::Array<Platform::String^>^ argv)"
C:\Program Files (x86)\Microsoft Visual Studio\2019\Community\VC\Tools\MSVC\14.25.28610\include\memory(2064,1): error C2661: std::tuple<void (__cdecl *)(std::vector<char,std::allocator<char>>,std::ifstream,char []),std::vector<char,std::allocator<char>>,std::basic_ifstream<char,std::char_traits<char>>,char *>::tuple: нет перегруженной функции, принимающей 4 аргументов
C:\Program Files (x86)\Microsoft Visual Studio\2019\Community\VC\Tools\MSVC\14.25.28610\include\thread(57): message : выполняется компиляция ссылки на экземпляр шаблон функции "std::unique_ptr<_Tuple,std::default_delete<_Ty>> std::make_unique<_Tuple,void(__cdecl &)(std::vector<char,std::allocator<char>>,std::ifstream,char []),std::vector<char,std::allocator<char>>&,std::ifstream&,char(&)[100],0>(void (__cdecl &)(std::vector<char,std::allocator<char>>,std::ifstream,char []),std::vector<char,std::allocator<char>> &,std::ifstream &,char (&)[100])"
          with
          [
              _Ty=_Tuple
          ]
C:\Users\bulyn\Desktop\SPbCT_BulyninMA\EducationalPractice\EducationalPractice\MyForm.h(236): message : выполняется компиляция ссылки на экземпляр шаблон функции "std::thread::thread<void(__cdecl &)(std::vector<char,std::allocator<char>>,std::ifstream,char []),std::vector<char,std::allocator<char>>&,std::ifstream&,char(&)[100],0>(_Fn,std::vector<char,std::allocator<char>> &,std::ifstream &,char (&)[100])"
          with
          [
              _Fn=void (__cdecl &)(std::vector<char,std::allocator<char>>,std::ifstream,char [])
          ]
  MyForm1.cpp
C:\Program Files (x86)\Microsoft Visual Studio\2019\Community\VC\Tools\MSVC\14.25.28610\include\memory(2064,1): error C2661: std::tuple<void (__cdecl *)(std::vector<char,std::allocator<char>>,std::ifstream,char []),std::vector<char,std::allocator<char>>,std::basic_ifstream<char,std::char_traits<char>>,char *>::tuple: нет перегруженной функции, принимающей 4 аргументов
C:\Program Files (x86)\Microsoft Visual Studio\2019\Community\VC\Tools\MSVC\14.25.28610\include\thread(57): message : выполняется компиляция ссылки на экземпляр шаблон функции "std::unique_ptr<_Tuple,std::default_delete<_Ty>> std::make_unique<_Tuple,void(__cdecl &)(std::vector<char,std::allocator<char>>,std::ifstream,char []),std::vector<char,std::allocator<char>>&,std::ifstream&,char(&)[100],0>(void (__cdecl &)(std::vector<char,std::allocator<char>>,std::ifstream,char []),std::vector<char,std::allocator<char>> &,std::ifstream &,char (&)[100])"
          with
          [
              _Ty=_Tuple
          ]
C:\Users\bulyn\Desktop\SPbCT_BulyninMA\EducationalPractice\EducationalPractice\MyForm.h(236): message : выполняется компиляция ссылки на экземпляр шаблон функции "std::thread::thread<void(__cdecl &)(std::vector<char,std::allocator<char>>,std::ifstream,char []),std::vector<char,std::allocator<char>>&,std::ifstream&,char(&)[100],0>(_Fn,std::vector<char,std::allocator<char>> &,std::ifstream &,char (&)[100])"
          with
          [
              _Fn=void (__cdecl &)(std::vector<char,std::allocator<char>>,std::ifstream,char [])
          ]
  Создание кода...
